2025-02-28 13:08:12,818 - ColoredLogger - WARNING - This is a warning message
2025-02-28 13:08:12,818 - ColoredLogger - ERROR - This is an error message
2025-02-28 13:08:12,819 - ColoredLogger - CRITICAL - This is a critical message
2025-02-28 16:51:28,748 - ColoredLogger - WARNING - Killing processes using /dev/rfcomm0...
2025-02-28 16:51:28,793 - ColoredLogger - WARNING - Restarting Bluetooth service...
2025-02-28 16:51:34,299 - ColoredLogger - WARNING - Setting Bluetooth to discoverable mode...
2025-02-28 16:51:34,364 - ColoredLogger - WARNING - Bluetooth connection failed (Attempt 1/5): no advertisable device
2025-02-28 16:51:34,365 - ColoredLogger - ERROR - Restarting Bluetooth and retrying...
2025-02-28 16:51:34,367 - ColoredLogger - WARNING - Killing processes using /dev/rfcomm0...
2025-02-28 16:51:34,418 - ColoredLogger - WARNING - Restarting Bluetooth service...
2025-02-28 16:51:39,642 - ColoredLogger - WARNING - Setting Bluetooth to discoverable mode...
2025-02-28 16:51:41,761 - ColoredLogger - WARNING - Bluetooth connection failed (Attempt 2/5): no advertisable device
2025-02-28 16:51:41,762 - ColoredLogger - ERROR - Restarting Bluetooth and retrying...
2025-02-28 16:51:41,763 - ColoredLogger - WARNING - Killing processes using /dev/rfcomm0...
2025-02-28 16:51:41,855 - ColoredLogger - WARNING - Restarting Bluetooth service...
2025-02-28 16:51:47,166 - ColoredLogger - WARNING - Setting Bluetooth to discoverable mode...
2025-02-28 16:51:49,212 - ColoredLogger - WARNING - Bluetooth connection failed (Attempt 3/5): no advertisable device
2025-02-28 16:51:49,213 - ColoredLogger - ERROR - Restarting Bluetooth and retrying...
2025-02-28 16:51:49,214 - ColoredLogger - WARNING - Killing processes using /dev/rfcomm0...
2025-02-28 16:51:49,296 - ColoredLogger - WARNING - Restarting Bluetooth service...
2025-02-28 16:51:54,611 - ColoredLogger - WARNING - Setting Bluetooth to discoverable mode...
2025-02-28 16:51:56,720 - ColoredLogger - WARNING - Bluetooth connection failed (Attempt 4/5): no advertisable device
2025-02-28 16:51:56,721 - ColoredLogger - ERROR - Restarting Bluetooth and retrying...
2025-02-28 16:51:56,722 - ColoredLogger - WARNING - Killing processes using /dev/rfcomm0...
2025-02-28 16:51:56,804 - ColoredLogger - WARNING - Restarting Bluetooth service...
2025-02-28 16:52:02,132 - ColoredLogger - WARNING - Setting Bluetooth to discoverable mode...
2025-02-28 16:52:04,240 - ColoredLogger - WARNING - Bluetooth connection failed (Attempt 5/5): no advertisable device
2025-02-28 16:52:04,241 - ColoredLogger - ERROR - Restarting Bluetooth and retrying...
2025-02-28 16:52:04,243 - ColoredLogger - WARNING - Killing processes using /dev/rfcomm0...
2025-02-28 16:52:04,336 - ColoredLogger - WARNING - Restarting Bluetooth service...
2025-02-28 16:54:00,707 - ColoredLogger - WARNING - Killing processes using /dev/rfcomm0...
2025-02-28 16:54:00,749 - ColoredLogger - WARNING - Restarting Bluetooth service...
2025-02-28 16:54:06,204 - ColoredLogger - WARNING - Setting Bluetooth to discoverable mode...
2025-02-28 16:54:06,303 - ColoredLogger - WARNING - Bluetooth connection failed (Attempt 1/5): no advertisable device
2025-02-28 16:54:06,304 - ColoredLogger - ERROR - Restarting Bluetooth and retrying...
2025-02-28 16:54:06,305 - ColoredLogger - WARNING - Killing processes using /dev/rfcomm0...
2025-02-28 16:54:06,371 - ColoredLogger - WARNING - Restarting Bluetooth service...
2025-02-28 16:54:12,045 - ColoredLogger - WARNING - Setting Bluetooth to discoverable mode...
2025-02-28 16:54:14,099 - ColoredLogger - WARNING - Bluetooth connection failed (Attempt 2/5): [Errno 13] Permission denied
2025-02-28 16:54:14,100 - ColoredLogger - ERROR - Restarting Bluetooth and retrying...
2025-02-28 16:54:14,101 - ColoredLogger - WARNING - Killing processes using /dev/rfcomm0...
2025-02-28 16:54:14,188 - ColoredLogger - WARNING - Restarting Bluetooth service...
2025-02-28 16:54:19,666 - ColoredLogger - WARNING - Setting Bluetooth to discoverable mode...
2025-02-28 16:54:21,791 - ColoredLogger - WARNING - Bluetooth connection failed (Attempt 3/5): no advertisable device
2025-02-28 16:54:21,792 - ColoredLogger - ERROR - Restarting Bluetooth and retrying...
2025-02-28 16:54:21,793 - ColoredLogger - WARNING - Killing processes using /dev/rfcomm0...
2025-02-28 16:54:21,882 - ColoredLogger - WARNING - Restarting Bluetooth service...
2025-02-28 16:56:45,023 - ColoredLogger - WARNING - Restarting Bluetooth synchronously...
2025-02-28 16:56:50,596 - ColoredLogger - WARNING - Bluetooth restart completed.
2025-02-28 16:56:50,598 - ColoredLogger - WARNING - Bluetooth connection failed (Attempt 1/5): no advertisable device
2025-02-28 16:56:50,599 - ColoredLogger - ERROR - Restarting Bluetooth and retrying...
2025-02-28 16:56:50,599 - ColoredLogger - WARNING - Restarting Bluetooth synchronously...
2025-02-28 16:56:55,932 - ColoredLogger - WARNING - Bluetooth restart completed.
2025-02-28 16:56:57,937 - ColoredLogger - WARNING - Bluetooth connection failed (Attempt 2/5): no advertisable device
2025-02-28 16:56:57,938 - ColoredLogger - ERROR - Restarting Bluetooth and retrying...
2025-02-28 16:56:57,939 - ColoredLogger - WARNING - Restarting Bluetooth synchronously...
2025-02-28 16:57:03,512 - ColoredLogger - WARNING - Bluetooth restart completed.
2025-02-28 16:57:05,516 - ColoredLogger - WARNING - Bluetooth connection failed (Attempt 3/5): no advertisable device
2025-02-28 16:57:05,517 - ColoredLogger - ERROR - Restarting Bluetooth and retrying...
2025-02-28 16:57:05,517 - ColoredLogger - WARNING - Restarting Bluetooth synchronously...
2025-02-28 16:58:27,833 - ColoredLogger - WARNING - Restarting Bluetooth synchronously...
2025-02-28 16:58:33,395 - ColoredLogger - WARNING - Bluetooth restart completed.
2025-02-28 16:58:33,397 - ColoredLogger - WARNING - Bluetooth connection failed (Attempt 1/5): no advertisable device
2025-02-28 16:58:33,397 - ColoredLogger - ERROR - Restarting Bluetooth and retrying...
2025-02-28 16:58:33,398 - ColoredLogger - WARNING - Restarting Bluetooth synchronously...
2025-02-28 16:58:38,786 - ColoredLogger - WARNING - Bluetooth restart completed.
2025-02-28 16:58:40,792 - ColoredLogger - WARNING - Bluetooth connection failed (Attempt 2/5): no advertisable device
2025-02-28 16:58:40,793 - ColoredLogger - ERROR - Restarting Bluetooth and retrying...
2025-02-28 16:58:40,794 - ColoredLogger - WARNING - Restarting Bluetooth synchronously...
2025-02-28 16:58:46,440 - ColoredLogger - WARNING - Bluetooth restart completed.
2025-02-28 16:58:48,444 - ColoredLogger - WARNING - Bluetooth connection failed (Attempt 3/5): no advertisable device
2025-02-28 16:58:48,445 - ColoredLogger - ERROR - Restarting Bluetooth and retrying...
2025-02-28 16:58:48,445 - ColoredLogger - WARNING - Restarting Bluetooth synchronously...
2025-02-28 16:58:54,005 - ColoredLogger - WARNING - Bluetooth restart completed.
2025-02-28 16:58:56,010 - ColoredLogger - WARNING - Bluetooth connection failed (Attempt 4/5): no advertisable device
2025-02-28 16:58:56,011 - ColoredLogger - ERROR - Restarting Bluetooth and retrying...
2025-02-28 16:58:56,013 - ColoredLogger - WARNING - Restarting Bluetooth synchronously...
2025-02-28 17:03:04,560 - ColoredLogger - WARNING - Restarting Bluetooth synchronously...
2025-02-28 17:03:10,122 - ColoredLogger - WARNING - Bluetooth restart completed.
2025-02-28 17:03:10,125 - ColoredLogger - WARNING - Bluetooth connection failed (Attempt 1/5): no advertisable device
2025-02-28 17:03:10,126 - ColoredLogger - ERROR - Restarting Bluetooth and retrying...
2025-02-28 17:03:10,126 - ColoredLogger - WARNING - Restarting Bluetooth synchronously...
2025-02-28 17:03:15,882 - ColoredLogger - WARNING - Bluetooth restart completed.
2025-02-28 17:03:17,887 - ColoredLogger - WARNING - Bluetooth connection failed (Attempt 2/5): no advertisable device
2025-02-28 17:03:17,888 - ColoredLogger - ERROR - Restarting Bluetooth and retrying...
2025-02-28 17:03:17,889 - ColoredLogger - WARNING - Restarting Bluetooth synchronously...
2025-02-28 17:03:23,486 - ColoredLogger - WARNING - Bluetooth restart completed.
2025-02-28 17:03:25,491 - ColoredLogger - WARNING - Bluetooth connection failed (Attempt 3/5): no advertisable device
2025-02-28 17:03:25,491 - ColoredLogger - ERROR - Restarting Bluetooth and retrying...
2025-02-28 17:03:25,492 - ColoredLogger - WARNING - Restarting Bluetooth synchronously...
2025-02-28 17:03:31,066 - ColoredLogger - WARNING - Bluetooth restart completed.
2025-02-28 17:03:33,071 - ColoredLogger - WARNING - Bluetooth connection failed (Attempt 4/5): no advertisable device
2025-02-28 17:03:33,072 - ColoredLogger - ERROR - Restarting Bluetooth and retrying...
2025-02-28 17:03:33,074 - ColoredLogger - WARNING - Restarting Bluetooth synchronously...
2025-02-28 17:05:08,171 - ColoredLogger - WARNING - Restarting Bluetooth synchronously...
2025-02-28 17:05:13,636 - ColoredLogger - WARNING - Bluetooth restart completed.
2025-02-28 17:05:13,638 - ColoredLogger - WARNING - Bluetooth connection failed (Attempt 1/6): no advertisable device
2025-02-28 17:05:13,639 - ColoredLogger - WARNING - Bluetooth connection failed (Attempt 2/6): no advertisable device
2025-02-28 17:05:13,640 - ColoredLogger - ERROR - Restarting Bluetooth and retrying...
2025-02-28 17:05:13,640 - ColoredLogger - WARNING - Restarting Bluetooth synchronously...
2025-02-28 17:05:19,036 - ColoredLogger - WARNING - Bluetooth restart completed.
2025-02-28 17:05:21,041 - ColoredLogger - WARNING - Bluetooth connection failed (Attempt 3/6): no advertisable device
2025-02-28 17:05:21,043 - ColoredLogger - WARNING - Bluetooth connection failed (Attempt 4/6): no advertisable device
2025-02-28 17:05:21,045 - ColoredLogger - ERROR - Restarting Bluetooth and retrying...
2025-02-28 17:05:21,046 - ColoredLogger - WARNING - Restarting Bluetooth synchronously...
2025-02-28 17:05:26,636 - ColoredLogger - WARNING - Bluetooth restart completed.
2025-02-28 17:07:39,733 - ColoredLogger - WARNING - Restarting Bluetooth and making it discoverable...
2025-02-28 17:07:47,472 - ColoredLogger - WARNING - Bluetooth restart completed.
2025-02-28 17:07:47,476 - ColoredLogger - WARNING - Bluetooth connection failed (Attempt 1/6): no advertisable device
2025-02-28 17:07:47,478 - ColoredLogger - WARNING - Bluetooth connection failed (Attempt 2/6): no advertisable device
2025-02-28 17:07:47,479 - ColoredLogger - ERROR - Restarting Bluetooth and retrying...
2025-02-28 17:07:47,480 - ColoredLogger - WARNING - Restarting Bluetooth and making it discoverable...
2025-02-28 17:07:55,528 - ColoredLogger - WARNING - Bluetooth restart completed.
2025-02-28 17:07:57,533 - ColoredLogger - WARNING - Bluetooth connection failed (Attempt 3/6): no advertisable device
2025-02-28 17:07:57,535 - ColoredLogger - WARNING - Bluetooth connection failed (Attempt 4/6): no advertisable device
2025-02-28 17:07:57,536 - ColoredLogger - ERROR - Restarting Bluetooth and retrying...
2025-02-28 17:07:57,537 - ColoredLogger - WARNING - Restarting Bluetooth and making it discoverable...
